<?xml version="1.0" encoding="UTF-8"?>
<!-- Generated by org.testng.reporters.JUnitReportReporter -->
<testsuite hostname="LAPTOP-U38Q909H" failures="0" tests="1" name="amazon_Package.AmazonProject_Maven.TestNGProgram" time="6.286" errors="0" timestamp="2024-12-19T11:02:45 IST" skipped="0">
  <testcase classname="amazon_Package.AmazonProject_Maven.TestNGProgram" name="launchBrowser" time="6.286"/>
  <system-out/>
</testsuite> <!-- amazon_Package.AmazonProject_Maven.TestNGProgram -->
