<?xml version="1.0" encoding="UTF-8"?>
<!-- Generated by org.testng.reporters.JUnitReportReporter -->
<testsuite hostname="LAPTOP-U38Q909H" failures="0" tests="1" name="amazon_Package.AmazonProject_Maven.TestCase15" time="25.839" errors="0" timestamp="2024-12-25T13:26:06 IST" skipped="0">
  <testcase classname="amazon_Package.AmazonProject_Maven.TestCase15" name="productpage" time="25.839"/>
  <system-out/>
</testsuite> <!-- amazon_Package.AmazonProject_Maven.TestCase15 -->
