<?xml version="1.0" encoding="UTF-8"?>
<!-- Generated by org.testng.reporters.JUnitReportReporter -->
<testsuite hostname="LAPTOP-U38Q909H" failures="0" tests="1" name="fileUpload.FileUploadLogic" time="3.766" errors="0" timestamp="2024-12-20T07:31:35 IST" skipped="0">
  <testcase classname="fileUpload.FileUploadLogic" name="uploadfile" time="3.766"/>
  <system-out/>
</testsuite> <!-- fileUpload.FileUploadLogic -->
