<?xml version="1.0" encoding="UTF-8"?>
<!-- Generated by org.testng.reporters.JUnitReportReporter -->
<testsuite hostname="LAPTOP-U38Q909H" failures="0" tests="1" name="amazon_Package.AmazonProject_Maven.TestCase10" time="38.389" errors="0" timestamp="2024-12-19T22:18:29 IST" skipped="0">
  <testcase classname="amazon_Package.AmazonProject_Maven.TestCase10" name="productpage" time="38.389"/>
  <system-out/>
</testsuite> <!-- amazon_Package.AmazonProject_Maven.TestCase10 -->
