<?xml version="1.0" encoding="UTF-8"?>
<!-- Generated by org.testng.reporters.JUnitReportReporter -->
<testsuite hostname="LAPTOP-U38Q909H" failures="0" tests="1" name="amazon_Package.AmazonProject_Maven.TestCase1" time="9.510" errors="0" timestamp="2024-12-19T11:03:08 IST" skipped="0">
  <testcase classname="amazon_Package.AmazonProject_Maven.TestCase1" name="registration" time="9.510"/>
  <system-out/>
</testsuite> <!-- amazon_Package.AmazonProject_Maven.TestCase1 -->
