<?xml version="1.0" encoding="UTF-8"?>
<!-- Generated by org.testng.reporters.JUnitReportReporter -->
<testsuite hostname="LAPTOP-U38Q909H" failures="0" tests="1" name="amazon_Package.AmazonProject_Maven.TestCase12" time="55.903" errors="0" timestamp="2024-12-23T19:51:16 IST" skipped="0">
  <testcase classname="amazon_Package.AmazonProject_Maven.TestCase12" name="productpage" time="55.903"/>
  <system-out/>
</testsuite> <!-- amazon_Package.AmazonProject_Maven.TestCase12 -->
