<?xml version="1.0" encoding="UTF-8"?>
<!-- Generated by org.testng.reporters.JUnitReportReporter -->
<testsuite hostname="LAPTOP-U38Q909H" failures="0" tests="1" name="amazon_Package.AmazonProject_Maven.TestCase11" time="72.227" errors="0" timestamp="2024-12-25T07:44:06 IST" skipped="0">
  <testcase classname="amazon_Package.AmazonProject_Maven.TestCase11" name="productpage" time="72.227"/>
  <system-out>
    <![CDATA[Test case is pass]]>
  </system-out>
</testsuite> <!-- amazon_Package.AmazonProject_Maven.TestCase11 -->
