<?xml version="1.0" encoding="UTF-8"?>
<!-- Generated by org.testng.reporters.JUnitReportReporter -->
<testsuite hostname="LAPTOP-U38Q909H" failures="0" tests="1" name="amazon_Package.AmazonProject_Maven.TestCase5" time="42.147" errors="0" timestamp="2024-12-17T18:56:38 IST" skipped="0">
  <testcase classname="amazon_Package.AmazonProject_Maven.TestCase5" name="searchProduct" time="42.147"/>
  <system-out/>
</testsuite> <!-- amazon_Package.AmazonProject_Maven.TestCase5 -->
