<?xml version="1.0" encoding="UTF-8"?>
<!-- Generated by org.testng.reporters.JUnitReportReporter -->
<testsuite hostname="LAPTOP-U38Q909H" failures="0" tests="1" name="fileUpload.HandleJSPoPup" time="9.570" errors="0" timestamp="2024-12-20T10:22:08 IST" skipped="0">
  <testcase classname="fileUpload.HandleJSPoPup" name="jspopup" time="9.570"/>
  <system-out/>
</testsuite> <!-- fileUpload.HandleJSPoPup -->
