<?xml version="1.0" encoding="UTF-8"?>
<!-- Generated by org.testng.reporters.JUnitReportReporter -->
<testsuite hostname="LAPTOP-U38Q909H" failures="0" tests="1" name="amazon_Package.AmazonProject_Maven.TestCase4" time="21.903" errors="0" timestamp="2024-12-17T18:40:17 IST" skipped="0">
  <testcase classname="amazon_Package.AmazonProject_Maven.TestCase4" name="editprofile" time="21.903"/>
  <system-out/>
</testsuite> <!-- amazon_Package.AmazonProject_Maven.TestCase4 -->
