<?xml version="1.0" encoding="UTF-8"?>
<!-- Generated by org.testng.reporters.JUnitReportReporter -->
<testsuite hostname="LAPTOP-U38Q909H" failures="0" tests="1" name="amazon_Package.AmazonProject_Maven.TestCase7" time="81.275" errors="0" timestamp="2024-12-17T20:06:16 IST" skipped="0">
  <testcase classname="amazon_Package.AmazonProject_Maven.TestCase7" name="product_Dispaly_page" time="81.275"/>
  <system-out/>
</testsuite> <!-- amazon_Package.AmazonProject_Maven.TestCase7 -->
