<?xml version="1.0" encoding="UTF-8"?>
<!-- Generated by org.testng.reporters.JUnitReportReporter -->
<testsuite hostname="LAPTOP-U38Q909H" failures="0" tests="1" name="explictWait.MoveControlParentTOCHild" time="22.467" errors="0" timestamp="2024-12-19T15:00:17 IST" skipped="0">
  <testcase classname="explictWait.MoveControlParentTOCHild" name="movecontrol" time="22.467"/>
  <system-out/>
</testsuite> <!-- explictWait.MoveControlParentTOCHild -->
